2024-05-28 22:20:51,463 - INFO - ./input\batchjson.json conversion successful. Converted to ./output\batchjson_20240528222051.xlsx.
2024-05-28 22:20:51,463 - INFO - Size of converted file: 6170 bytes
2024-05-28 22:20:51,475 - INFO - ./input\batchjson_File1.json conversion successful. Converted to ./output\batchjson_File1_20240528222051.xlsx.
2024-05-28 22:20:51,476 - INFO - Size of converted file: 5261 bytes
2024-05-28 22:20:51,476 - ERROR - Skipping ./input\emptyfile.json: File is empty.
2024-05-28 22:20:51,490 - INFO - ./input\equal key-value pairs.json conversion successful. Converted to ./output\equal key-value pairs_20240528222051.xlsx.
2024-05-28 22:20:51,491 - INFO - Size of converted file: 6380 bytes
2024-05-28 22:20:51,503 - INFO - ./input\Individual_json1.json conversion successful. Converted to ./output\Individual_json1_20240528222051.xlsx.
2024-05-28 22:20:51,503 - INFO - Size of converted file: 5121 bytes
2024-05-28 22:20:51,504 - ERROR - Invalid JSON format in ./input\invalidjson.json: Expecting value: line 1 column 1 (char 0)
2024-05-28 22:20:51,514 - INFO - ./input\leafnode_jsonfile.json conversion successful. Converted to ./output\leafnode_jsonfile_20240528222051.xlsx.
2024-05-28 22:20:51,514 - INFO - Size of converted file: 4905 bytes
2024-05-28 22:20:51,527 - INFO - ./input\Sample_REST_addPerson_Request.json conversion successful. Converted to ./output\Sample_REST_addPerson_Request_20240528222051.xlsx.
2024-05-28 22:20:51,527 - INFO - Size of converted file: 5618 bytes
2024-05-28 22:20:51,543 - INFO - ./input\Sample_REST_addPerson_Response.json conversion successful. Converted to ./output\Sample_REST_addPerson_Response_20240528222051.xlsx.
2024-05-28 22:20:51,543 - INFO - Size of converted file: 7357 bytes
2024-05-28 22:20:51,558 - INFO - ./input\sample_unequalheaders.json conversion successful. Converted to ./output\sample_unequalheaders_20240528222051.xlsx.
2024-05-28 22:20:51,559 - INFO - Size of converted file: 5719 bytes
2024-05-28 22:20:51,559 - INFO - Completed 10 files. Conversion of JSON to Excel file failed for 2 file(s).
2024-05-28 22:20:51,576 - INFO - ./input\unequal_key_value_pairs.json conversion successful. Converted to ./output\unequal_key_value_pairs_20240528222051.xlsx.
2024-05-28 22:20:51,577 - INFO - Size of converted file: 7220 bytes
2024-05-28 22:20:51,577 - INFO - Completed 1 files. Conversion of JSON to Excel file is successful.
