2024-05-28 22:52:00,575 - INFO - ./input\batchjson.json conversion successful. Converted to ./output\batchjson_20240528225200.xlsx.
2024-05-28 22:52:00,576 - INFO - Size of converted file: 6170 bytes
2024-05-28 22:52:00,700 - INFO - ./input\batchjson_File1.json conversion successful. Converted to ./output\batchjson_File1_20240528225200.xlsx.
2024-05-28 22:52:00,700 - INFO - Size of converted file: 5261 bytes
2024-05-28 22:52:00,802 - ERROR - Skipping ./input\emptyfile.json: File is empty.
2024-05-28 22:52:00,925 - INFO - ./input\equal key-value pairs.json conversion successful. Converted to ./output\equal key-value pairs_20240528225200.xlsx.
2024-05-28 22:52:00,925 - INFO - Size of converted file: 6380 bytes
2024-05-28 22:52:01,049 - INFO - ./input\Individual_json1.json conversion successful. Converted to ./output\Individual_json1_20240528225201.xlsx.
2024-05-28 22:52:01,049 - INFO - Size of converted file: 5121 bytes
2024-05-28 22:52:01,151 - ERROR - Invalid JSON format in ./input\invalidjson.json: Expecting value: line 1 column 1 (char 0)
2024-05-28 22:52:01,277 - INFO - ./input\leafnode_jsonfile.json conversion successful. Converted to ./output\leafnode_jsonfile_20240528225201.xlsx.
2024-05-28 22:52:01,277 - INFO - Size of converted file: 4905 bytes
2024-05-28 22:52:01,402 - INFO - ./input\Sample_REST_addPerson_Request.json conversion successful. Converted to ./output\Sample_REST_addPerson_Request_20240528225201.xlsx.
2024-05-28 22:52:01,402 - INFO - Size of converted file: 5618 bytes
2024-05-28 22:52:01,520 - INFO - ./input\Sample_REST_addPerson_Response.json conversion successful. Converted to ./output\Sample_REST_addPerson_Response_20240528225201.xlsx.
2024-05-28 22:52:01,520 - INFO - Size of converted file: 7357 bytes
2024-05-28 22:52:01,647 - INFO - ./input\sample_unequalheaders.json conversion successful. Converted to ./output\sample_unequalheaders_20240528225201.xlsx.
2024-05-28 22:52:01,647 - INFO - Size of converted file: 5719 bytes
2024-05-28 22:52:01,649 - INFO - Completed 10 files. Conversion of JSON to Excel file failed for 2 file(s).
2024-05-28 22:52:01,766 - INFO - ./input\unequal_key_value_pairs.json conversion successful. Converted to ./output\unequal_key_value_pairs_20240528225201.xlsx.
2024-05-28 22:52:01,767 - INFO - Size of converted file: 7220 bytes
2024-05-28 22:52:01,768 - INFO - Completed 1 files. Conversion of JSON to Excel file is successful.
