2024-05-28 22:48:47,956 - INFO - ./input\batchjson.json conversion successful. Converted to ./output\batchjson_20240528224847.xlsx.
2024-05-28 22:48:47,956 - INFO - Size of converted file: 6171 bytes
2024-05-28 22:48:48,090 - INFO - ./input\batchjson_File1.json conversion successful. Converted to ./output\batchjson_File1_20240528224848.xlsx.
2024-05-28 22:48:48,090 - INFO - Size of converted file: 5261 bytes
2024-05-28 22:48:48,192 - ERROR - Skipping ./input\emptyfile.json: File is empty.
2024-05-28 22:48:48,318 - INFO - ./input\equal key-value pairs.json conversion successful. Converted to ./output\equal key-value pairs_20240528224848.xlsx.
2024-05-28 22:48:48,318 - INFO - Size of converted file: 6380 bytes
2024-05-28 22:48:48,450 - INFO - ./input\Individual_json1.json conversion successful. Converted to ./output\Individual_json1_20240528224848.xlsx.
2024-05-28 22:48:48,451 - INFO - Size of converted file: 5121 bytes
2024-05-28 22:48:48,552 - ERROR - Invalid JSON format in ./input\invalidjson.json: Expecting value: line 1 column 1 (char 0)
2024-05-28 22:48:48,668 - INFO - ./input\leafnode_jsonfile.json conversion successful. Converted to ./output\leafnode_jsonfile_20240528224848.xlsx.
2024-05-28 22:48:48,668 - INFO - Size of converted file: 4905 bytes
2024-05-28 22:48:48,798 - INFO - ./input\Sample_REST_addPerson_Request.json conversion successful. Converted to ./output\Sample_REST_addPerson_Request_20240528224848.xlsx.
2024-05-28 22:48:48,798 - INFO - Size of converted file: 5618 bytes
2024-05-28 22:48:48,934 - INFO - ./input\Sample_REST_addPerson_Response.json conversion successful. Converted to ./output\Sample_REST_addPerson_Response_20240528224848.xlsx.
2024-05-28 22:48:48,934 - INFO - Size of converted file: 7357 bytes
2024-05-28 22:48:49,062 - INFO - ./input\sample_unequalheaders.json conversion successful. Converted to ./output\sample_unequalheaders_20240528224849.xlsx.
2024-05-28 22:48:49,062 - INFO - Size of converted file: 5720 bytes
2024-05-28 22:48:49,064 - INFO - Completed 10 files. Conversion of JSON to Excel file failed for 2 file(s).
2024-05-28 22:48:49,192 - INFO - ./input\unequal_key_value_pairs.json conversion successful. Converted to ./output\unequal_key_value_pairs_20240528224849.xlsx.
2024-05-28 22:48:49,192 - INFO - Size of converted file: 7221 bytes
2024-05-28 22:48:49,193 - INFO - Completed 1 files. Conversion of JSON to Excel file is successful.
