2024-05-28 22:58:58,016 - INFO - ./input\batchjson.json conversion successful. Converted to ./output\batchjson_20240528225857.xlsx.
2024-05-28 22:58:58,017 - INFO - Size of converted file: 6173 bytes
2024-05-28 22:58:58,148 - INFO - ./input\batchjson_File1.json conversion successful. Converted to ./output\batchjson_File1_20240528225858.xlsx.
2024-05-28 22:58:58,148 - INFO - Size of converted file: 5261 bytes
2024-05-28 22:58:58,251 - ERROR - Skipping ./input\emptyfile.json: File is empty.
2024-05-28 22:58:58,388 - INFO - ./input\equal key-value pairs.json conversion successful. Converted to ./output\equal key-value pairs_20240528225858.xlsx.
2024-05-28 22:58:58,390 - INFO - Size of converted file: 6380 bytes
2024-05-28 22:58:58,512 - INFO - ./input\Individual_json1.json conversion successful. Converted to ./output\Individual_json1_20240528225858.xlsx.
2024-05-28 22:58:58,513 - INFO - Size of converted file: 5121 bytes
2024-05-28 22:58:58,615 - ERROR - Invalid JSON format in ./input\invalidjson.json: Expecting value: line 1 column 1 (char 0)
2024-05-28 22:58:58,749 - INFO - ./input\leafnode_jsonfile.json conversion successful. Converted to ./output\leafnode_jsonfile_20240528225858.xlsx.
2024-05-28 22:58:58,749 - INFO - Size of converted file: 4905 bytes
2024-05-28 22:58:58,864 - INFO - ./input\Sample_REST_addPerson_Request.json conversion successful. Converted to ./output\Sample_REST_addPerson_Request_20240528225858.xlsx.
2024-05-28 22:58:58,864 - INFO - Size of converted file: 5618 bytes
2024-05-28 22:58:59,003 - INFO - ./input\Sample_REST_addPerson_Response.json conversion successful. Converted to ./output\Sample_REST_addPerson_Response_20240528225858.xlsx.
2024-05-28 22:58:59,003 - INFO - Size of converted file: 7357 bytes
2024-05-28 22:58:59,131 - INFO - ./input\sample_unequalheaders.json conversion successful. Converted to ./output\sample_unequalheaders_20240528225859.xlsx.
2024-05-28 22:58:59,132 - INFO - Size of converted file: 5720 bytes
2024-05-28 22:58:59,133 - INFO - Completed 10 files. Conversion of JSON to Excel file failed for 2 file(s).
2024-05-28 22:58:59,252 - INFO - ./input\unequal_key_value_pairs.json conversion successful. Converted to ./output\unequal_key_value_pairs_20240528225859.xlsx.
2024-05-28 22:58:59,252 - INFO - Size of converted file: 7221 bytes
2024-05-28 22:58:59,254 - INFO - Completed 1 files. Conversion of JSON to Excel file is successful.
