2024-05-28 21:42:05,430 - INFO - ./input\batchjson.json conversion successful. Converted to ./output\batchjson_20240528214205.xlsx.
2024-05-28 21:42:05,430 - INFO - Size of converted file: 4762 bytes
2024-05-28 21:42:05,440 - INFO - ./input\batchjson_File1.json conversion successful. Converted to ./output\batchjson_File1_20240528214205.xlsx.
2024-05-28 21:42:05,440 - INFO - Size of converted file: 4762 bytes
2024-05-28 21:42:05,440 - ERROR - Skipping ./input\emptyfile.json: File is empty.
2024-05-28 21:42:05,450 - INFO - ./input\equal key-value pairs.json conversion successful. Converted to ./output\equal key-value pairs_20240528214205.xlsx.
2024-05-28 21:42:05,451 - INFO - Size of converted file: 4762 bytes
2024-05-28 21:42:05,461 - INFO - ./input\Individual_json1.json conversion successful. Converted to ./output\Individual_json1_20240528214205.xlsx.
2024-05-28 21:42:05,462 - INFO - Size of converted file: 4762 bytes
2024-05-28 21:42:05,462 - ERROR - Invalid JSON format in ./input\invalidjson.json: Expecting value: line 1 column 1 (char 0)
2024-05-28 21:42:05,471 - INFO - ./input\leafnode_jsonfile.json conversion successful. Converted to ./output\leafnode_jsonfile_20240528214205.xlsx.
2024-05-28 21:42:05,471 - INFO - Size of converted file: 4762 bytes
2024-05-28 21:42:05,481 - INFO - ./input\Sample_REST_addPerson_Request.json conversion successful. Converted to ./output\Sample_REST_addPerson_Request_20240528214205.xlsx.
2024-05-28 21:42:05,481 - INFO - Size of converted file: 4762 bytes
2024-05-28 21:42:05,490 - INFO - ./input\Sample_REST_addPerson_Response.json conversion successful. Converted to ./output\Sample_REST_addPerson_Response_20240528214205.xlsx.
2024-05-28 21:42:05,490 - INFO - Size of converted file: 4762 bytes
2024-05-28 21:42:05,498 - INFO - ./input\sample_unequalheaders.json conversion successful. Converted to ./output\sample_unequalheaders_20240528214205.xlsx.
2024-05-28 21:42:05,499 - INFO - Size of converted file: 4762 bytes
2024-05-28 21:42:05,499 - INFO - Completed 10 files. Conversion of JSON to Excel file failed for 2 file(s).
2024-05-28 21:42:05,508 - INFO - ./input\unequal_key_value_pairs.json conversion successful. Converted to ./output\unequal_key_value_pairs_20240528214205.xlsx.
2024-05-28 21:42:05,508 - INFO - Size of converted file: 4762 bytes
2024-05-28 21:42:05,508 - INFO - Completed 1 files. Conversion of JSON to Excel file is successful.
